d:\novelmedical\cpm\cpm\x64\release\moc_mainwindow.obj
d:\novelmedical\cpm\cpm\x64\release\moc_readin.obj
d:\novelmedical\cpm\cpm\x64\release\moc_labelfloodmap.obj
d:\novelmedical\cpm\cpm\x64\release\moc_parameterform.obj
d:\novelmedical\cpm\cpm\x64\release\qrc_cpm.obj
d:\novelmedical\cpm\cpm\x64\release\moc_labelhistogram.obj
d:\novelmedical\cpm\cpm\x64\release\parameterform.obj
d:\novelmedical\cpm\cpm\x64\release\crystal.obj
d:\novelmedical\cpm\cpm\x64\release\labelhistogram.obj
d:\novelmedical\cpm\cpm\x64\release\mainwindow.obj
d:\novelmedical\cpm\cpm\x64\release\labelfloodmap.obj
d:\novelmedical\cpm\cpm\x64\release\petring.obj
d:\novelmedical\cpm\cpm\x64\release\readin.obj
d:\novelmedical\cpm\cpm\x64\release\histogram.obj
d:\novelmedical\cpm\cpm\x64\release\main.obj
d:\novelmedical\cpm\cpm\x64\release\module.obj
d:\novelmedical\cpm\cpm\x64\release\block.obj
d:\novelmedical\cpm\cpm\x64\release\uic\ui_mainwindow.h
d:\novelmedical\cpm\cpm\x64\release\uic\ui_parameterform.h
d:\novelmedical\cpm\cpm\x64\release\rcc\qrc_cpm.cpp
d:\novelmedical\cpm\cpm\x64\release\moc\moc_readin.cpp
d:\novelmedical\cpm\cpm\x64\release\moc\moc_parameterform.cpp
d:\novelmedical\cpm\cpm\x64\release\moc\moc_mainwindow.cpp
d:\novelmedical\cpm\cpm\x64\release\moc\moc_labelhistogram.cpp
d:\novelmedical\cpm\cpm\x64\release\moc\moc_labelfloodmap.cpp
d:\novelmedical\cpm\build\cpm.exe
d:\novelmedical\cpm\cpm\x64\release\cpm.res
d:\novelmedical\cpm\cpm\x64\release\cpm.tlog\cl.11360.write.1.tlog
d:\novelmedical\cpm\cpm\x64\release\cpm.tlog\cl.command.1.tlog
d:\novelmedical\cpm\cpm\x64\release\cpm.tlog\cl.read.1.tlog
d:\novelmedical\cpm\cpm\x64\release\cpm.tlog\cpm.write.1u.tlog
d:\novelmedical\cpm\cpm\x64\release\cpm.tlog\link.command.1.tlog
d:\novelmedical\cpm\cpm\x64\release\cpm.tlog\link.read.1.tlog
d:\novelmedical\cpm\cpm\x64\release\cpm.tlog\link.write.1.tlog
d:\novelmedical\cpm\cpm\x64\release\cpm.tlog\moc.read.1u.tlog
d:\novelmedical\cpm\cpm\x64\release\cpm.tlog\moc.write.1u.tlog
d:\novelmedical\cpm\cpm\x64\release\cpm.tlog\rc.command.1.tlog
d:\novelmedical\cpm\cpm\x64\release\cpm.tlog\rc.read.1.tlog
d:\novelmedical\cpm\cpm\x64\release\cpm.tlog\rc.write.1.tlog
d:\novelmedical\cpm\cpm\x64\release\cpm.tlog\rcc.read.1u.tlog
d:\novelmedical\cpm\cpm\x64\release\cpm.tlog\rcc.write.1u.tlog
d:\novelmedical\cpm\cpm\x64\release\cpm.tlog\uic.read.1u.tlog
d:\novelmedical\cpm\cpm\x64\release\cpm.tlog\uic.write.1u.tlog
